<?xml version="1.0" encoding="UTF-8"?>
<!-- Generated by org.testng.reporters.JUnitReportReporter -->
<testsuite skipped="0" hostname="SaiKumarMIULTRA" name="bdd.apiFramework.AppTest" tests="1" failures="0" timestamp="28 Jul 2022 05:53:52 GMT" time="0.009" errors="0">
  <testcase name="testApp" time="0.009" classname="bdd.apiFramework.AppTest"/>
</testsuite> <!-- bdd.apiFramework.AppTest -->
